This is e-TeX, Version 3.14159265-2.6 (BaKoMa TNS 9.0) (preloaded format=elatex 2021.5.19)  2 JUN 2021 13:26
entering extended mode
**&elatex JASA-template.tex
SRCINFO: open 1:"JASA-template.tex"
(JASA-template.tex
LaTeX2e <2017-04-15>
Babel <3.10> and hyphenation patterns for 84 language(s) loaded.
SRCINFO: open 8:"C:\BaKoMa.TeX\texmf\tex\latex\base\article.cls"
(C:\BaKoMa.TeX\texmf\tex\latex\base\article.cls
Document Class: article 2014/09/29 v1.4h Standard LaTeX document class
SRCINFO: open 10:"C:\BaKoMa.TeX\texmf\tex\latex\base\size12.clo"
(C:\BaKoMa.TeX\texmf\tex\latex\base\size12.clo
File: size12.clo 2014/09/29 v1.4h Standard LaTeX file (size option)
)
SRCINFO: cont 8:"C:\BaKoMa.TeX\texmf\tex\latex\base\article.cls"
\c@part=\count79
\c@section=\count80
\c@subsection=\count81
\c@subsubsection=\count82
\c@paragraph=\count83
\c@subparagraph=\count84
\c@figure=\count85
\c@table=\count86
\abovecaptionskip=\skip41
\belowcaptionskip=\skip42
\bibindent=\dimen102
)
SRCINFO: cont 1:"JASA-template.tex"
SRCINFO: open 8:"C:\BaKoMa.TeX\texmf\tex\latex\amsmath\amsmath.sty"

(C:\BaKoMa.TeX\texmf\tex\latex\amsmath\amsmath.sty
Package: amsmath 2016/11/05 v2.16a AMS math features
\@mathmargin=\skip43

For additional information on amsmath, use the `?' option.
SRCINFO: open 14:"C:\BaKoMa.TeX\texmf\tex\latex\amsmath\amstext.sty"
(C:\BaKoMa.TeX\texmf\tex\latex\amsmath\amstext.sty
Package: amstext 2000/06/29 v2.01 AMS text
SRCINFO: open 21:"C:\BaKoMa.TeX\texmf\tex\latex\amsmath\amsgen.sty"

(C:\BaKoMa.TeX\texmf\tex\latex\amsmath\amsgen.sty
File: amsgen.sty 1999/11/30 v2.0 generic functions
\@emptytoks=\toks14
\ex@=\dimen103
)
SRCINFO: cont 14:"C:\BaKoMa.TeX\texmf\tex\latex\amsmath\amstext.sty"
)
SRCINFO: cont 8:"C:\BaKoMa.TeX\texmf\tex\latex\amsmath\amsmath.sty"
SRCINFO: open 14:"C:\BaKoMa.TeX\texmf\tex\latex\amsmath\amsbsy.sty"

(C:\BaKoMa.TeX\texmf\tex\latex\amsmath\amsbsy.sty
Package: amsbsy 1999/11/29 v1.2d Bold Symbols
\pmbraise@=\dimen104
)
SRCINFO: cont 8:"C:\BaKoMa.TeX\texmf\tex\latex\amsmath\amsmath.sty"
SRCINFO: open 14:"C:\BaKoMa.TeX\texmf\tex\latex\amsmath\amsopn.sty"

(C:\BaKoMa.TeX\texmf\tex\latex\amsmath\amsopn.sty
Package: amsopn 2016/03/08 v2.02 operator names
)
SRCINFO: cont 8:"C:\BaKoMa.TeX\texmf\tex\latex\amsmath\amsmath.sty"
\inf@bad=\count87
LaTeX Info: Redefining \frac on input line 213.
\uproot@=\count88
\leftroot@=\count89
LaTeX Info: Redefining \overline on input line 375.
\classnum@=\count90
\DOTSCASE@=\count91
LaTeX Info: Redefining \ldots on input line 472.
LaTeX Info: Redefining \dots on input line 475.
LaTeX Info: Redefining \cdots on input line 596.
\Mathstrutbox@=\box26
\strutbox@=\box27
\big@size=\dimen105
LaTeX Font Info:    Redeclaring font encoding OML on input line 712.
LaTeX Font Info:    Redeclaring font encoding OMS on input line 713.
\macc@depth=\count92
\c@MaxMatrixCols=\count93
\dotsspace@=\muskip10
\c@parentequation=\count94
\dspbrk@lvl=\count95
\tag@help=\toks15
\row@=\count96
\column@=\count97
\maxfields@=\count98
\andhelp@=\toks16
\eqnshift@=\dimen106
\alignsep@=\dimen107
\tagshift@=\dimen108
\tagwidth@=\dimen109
\totwidth@=\dimen110
\lineht@=\dimen111
\@envbody=\toks17
\multlinegap=\skip44
\multlinetaggap=\skip45
\mathdisplay@stack=\toks18
LaTeX Info: Redefining \[ on input line 2817.
LaTeX Info: Redefining \] on input line 2818.
)
SRCINFO: cont 1:"JASA-template.tex"
SRCINFO: open 8:"C:\BaKoMa.TeX\texmf\tex\latex\graphics\graphicx.sty"

(C:\BaKoMa.TeX\texmf\tex\latex\graphics\graphicx.sty
Package: graphicx 2017/06/01 v1.1a Enhanced LaTeX Graphics (DPC,SPQR)
SRCINFO: open 15:"C:\BaKoMa.TeX\texmf\tex\latex\graphics\keyval.sty"

(C:\BaKoMa.TeX\texmf\tex\latex\graphics\keyval.sty
Package: keyval 2014/10/28 v1.15 key=value parser (DPC)
\KV@toks@=\toks19
)
SRCINFO: cont 8:"C:\BaKoMa.TeX\texmf\tex\latex\graphics\graphicx.sty"
SRCINFO: open 15:"C:\BaKoMa.TeX\texmf\tex\latex\graphics\graphics.sty"

(C:\BaKoMa.TeX\texmf\tex\latex\graphics\graphics.sty
Package: graphics 2017/06/01 v1.2a Standard LaTeX Graphics (DPC,SPQR)
SRCINFO: open 22:"C:\BaKoMa.TeX\texmf\tex\latex\graphics\trig.sty"

(C:\BaKoMa.TeX\texmf\tex\latex\graphics\trig.sty
Package: trig 2016/01/03 v1.10 sin cos tan (DPC)
)
SRCINFO: cont 15:"C:\BaKoMa.TeX\texmf\tex\latex\graphics\graphics.sty"
SRCINFO: open 17:"C:\BaKoMa.TeX\BaKoMa\tex\latex\GRAPHICS.CFG"

(C:\BaKoMa.TeX\BaKoMa\tex\latex\GRAPHICS.CFG)
SRCINFO: cont 15:"C:\BaKoMa.TeX\texmf\tex\latex\graphics\graphics.sty"
Package graphics Info: Driver file: dvips.def on input line 99.
SRCINFO: open 17:"C:\BaKoMa.TeX\BaKoMa\tex\latex\dvips.def"

(C:\BaKoMa.TeX\BaKoMa\tex\latex\dvips.def
File: dvips.def 2018/06/03 V 11.70 (BaKoMa TeX)
 (+ BaKoMa TeX 11.70 Extensions))
SRCINFO: cont 15:"C:\BaKoMa.TeX\texmf\tex\latex\graphics\graphics.sty"
)
SRCINFO: cont 8:"C:\BaKoMa.TeX\texmf\tex\latex\graphics\graphicx.sty"
\Gin@req@height=\dimen112
\Gin@req@width=\dimen113
)
SRCINFO: cont 1:"JASA-template.tex"
SRCINFO: open 8:"C:\BaKoMa.TeX\texmf\tex\latex\tools\enumerate.sty"

(C:\BaKoMa.TeX\texmf\tex\latex\tools\enumerate.sty
Package: enumerate 2015/07/23 v3.00 enumerate extensions (DPC)
\@enLab=\toks20
)
SRCINFO: cont 1:"JASA-template.tex"
SRCINFO: open 8:"C:\BaKoMa.TeX\texmf\tex\latex\natbib\natbib.sty"

(C:\BaKoMa.TeX\texmf\tex\latex\natbib\natbib.sty
Package: natbib 2010/09/13 8.31b (PWD, AO)
\bibhang=\skip46
\bibsep=\skip47
LaTeX Info: Redefining \cite on input line 694.
\c@NAT@ctr=\count99
)
SRCINFO: cont 1:"JASA-template.tex"
SRCINFO: open 8:"C:\BaKoMa.TeX\texmf\tex\latex\url\url.sty"

(C:\BaKoMa.TeX\texmf\tex\latex\url\url.sty
\Urlmuskip=\muskip11
Package: url 2013/09/16  ver 3.4  Verb mode for urls, etc.
)
SRCINFO: cont 1:"JASA-template.tex"
SRCINFO: open 4:"JASA-template.aux"
 (JASA-template.aux)
SRCINFO: cont 1:"JASA-template.tex"
\openout1 = `JASA-template.aux'.

LaTeX Font Info:    Checking defaults for OML/cmm/m/it on input line 22.
LaTeX Font Info:    ... okay on input line 22.
LaTeX Font Info:    Checking defaults for T1/cmr/m/n on input line 22.
LaTeX Font Info:    ... okay on input line 22.
LaTeX Font Info:    Checking defaults for OT1/cmr/m/n on input line 22.
LaTeX Font Info:    ... okay on input line 22.
LaTeX Font Info:    Checking defaults for OMS/cmsy/m/n on input line 22.
LaTeX Font Info:    ... okay on input line 22.
LaTeX Font Info:    Checking defaults for OMX/cmex/m/n on input line 22.
LaTeX Font Info:    ... okay on input line 22.
LaTeX Font Info:    Checking defaults for U/cmr/m/n on input line 22.
LaTeX Font Info:    ... okay on input line 22.
 [1

]
File: `pdf2eps -p1 fig1.pdf Graphic file (type eps)

<`pdf2eps -p1 fig1.pdf>
LaTeX Font Info:    Try loading font information for OMS+cmr on input line 93.
SRCINFO: open 12:"C:\BaKoMa.TeX\texmf\tex\latex\base\omscmr.fd"
 (C:\BaKoMa.TeX\texmf\tex\latex\base\omscmr.fd
File: omscmr.fd 2014/09/29 v2.5h Standard LaTeX font definitions
)
SRCINFO: cont 1:"JASA-template.tex"
LaTeX Font Info:    Font shape `OMS/cmr/m/n' in size <12> not available
(Font)              Font shape `OMS/cmsy/m/n' tried instead on input line 93.
 [2]
[3] [4] [5]
Missing character: There is no Ò in font cmr12!
Missing character: There is no Ó in font cmr12!
 [6]
SRCINFO: open 3:"JASA-template.bbl"
 (JASA-template.bbl)
SRCINFO: cont 1:"JASA-template.tex"
 [7]
SRCINFO: open 4:"JASA-template.aux"
 (JASA-template.aux)
SRCINFO: cont 1:"JASA-template.tex"
 ) 
Here is how much of TeX's memory you used:
 1669 strings out of 73860
 18755 string characters out of 917701
 79473 words of memory out of 1400001
 5135 multiletter control sequences out of 10000+60000
 10298 words of font info for 37 fonts, out of 800000 for 1000
 1141 hyphenation exceptions out of 10000
 27i,7n,20p,268b,293s stack positions out of 1300i,100n,1500p,30000b,4000s

Output written on JASA-template.dvi (7 pages, 22872 bytes).
